<?xml version="1.0" encoding="UTF-8"?>
<!-- Generated by org.testng.reporters.JUnitReportReporter -->
<testsuite hostname="BOOK-NU08U3JFHN" failures="0" tests="1" name="testcases.Task6AmazonValidProductAndVerifyTest" time="0.000" errors="0" timestamp="2025-08-15T23:52:44 IST" skipped="1">
  <testcase classname="testcases.Task6AmazonValidProductAndVerifyTest" name="amazonSelectValidProductVerify" time="0.000">
    <skipped/>
  </testcase> <!-- amazonSelectValidProductVerify -->
  <system-out/>
</testsuite> <!-- testcases.Task6AmazonValidProductAndVerifyTest -->
