<?xml version="1.0" encoding="UTF-8"?>
<!-- Generated by org.testng.reporters.JUnitReportReporter -->
<testsuite hostname="BOOK-NU08U3JFHN" failures="0" tests="4" name="testcases.Task2AmazonTests" time="53.715" errors="0" timestamp="2025-08-16T17:33:39 IST" skipped="0">
  <testcase classname="testcases.Task2AmazonTests" name="UserLogin" time="5.580"/>
  <system-out/>
  <testcase classname="testcases.Task2AmazonTests" name="searchForProduct" time="25.708"/>
  <system-out/>
  <testcase classname="testcases.Task2AmazonTests" name="AddToCart" time="7.100"/>
  <system-out/>
  <testcase classname="testcases.Task2AmazonTests" name="AmazonPayment" time="15.327"/>
  <system-out/>
</testsuite> <!-- testcases.Task2AmazonTests -->
