<?xml version="1.0" encoding="UTF-8"?>
<!-- Generated by org.testng.reporters.JUnitReportReporter -->
<testsuite hostname="BOOK-NU08U3JFHN" failures="0" tests="1" name="testcases.AmazonShoppingCartTest" time="2.906" errors="0" timestamp="2025-08-17T17:36:02 IST" skipped="0">
  <testcase classname="testcases.AmazonShoppingCartTest" name="goToCart" time="2.906"/>
  <system-out/>
</testsuite> <!-- testcases.AmazonShoppingCartTest -->
