<?xml version="1.0" encoding="UTF-8"?>
<!-- Generated by org.testng.reporters.JUnitReportReporter -->
<testsuite hostname="BOOK-NU08U3JFHN" failures="0" tests="1" name="testcases.AmazonSearchProductsTest" time="17.818" errors="0" timestamp="2025-08-17T17:36:02 IST" skipped="0">
  <testcase classname="testcases.AmazonSearchProductsTest" name="searchForAProduct" time="17.818"/>
  <system-out/>
</testsuite> <!-- testcases.AmazonSearchProductsTest -->
