<?xml version="1.0" encoding="UTF-8"?>
<!-- Generated by org.testng.reporters.JUnitReportReporter -->
<testsuite hostname="BOOK-NU08U3JFHN" failures="0" tests="1" name="testcases.Task4AmazonProductFilterTest" time="0.000" errors="0" timestamp="2025-08-17T23:17:11 IST" skipped="1">
  <testcase classname="testcases.Task4AmazonProductFilterTest" name="amazonProductFilter" time="0.000">
    <skipped/>
  </testcase> <!-- amazonProductFilter -->
  <system-out/>
</testsuite> <!-- testcases.Task4AmazonProductFilterTest -->
